<?xml version="1.0" encoding="UTF-8"?>
<testsuite xmlns:xsi="http://www.w3.org/2001/XMLSchema-instance" xsi:noNamespaceSchemaLocation="https://maven.apache.org/surefire/maven-surefire-plugin/xsd/surefire-test-report-3.0.xsd" version="3.0" name="org.example.AppTest" time="372.159" tests="31" errors="0" skipped="0" failures="0">
  <properties>
[...]
</properties>
  <testcase name="test10" classname="org.example.AppTest" time="11.089"/>
  <testcase name="test11" classname="org.example.AppTest" time="11.616"/>
  <testcase name="test12" classname="org.example.AppTest" time="11.636"/>
  <testcase name="test13" classname="org.example.AppTest" time="11.573"/>
  <testcase name="test14" classname="org.example.AppTest" time="11.593"/>
  <testcase name="test15" classname="org.example.AppTest" time="11.574"/>
  <testcase name="test16" classname="org.example.AppTest" time="11.902"/>
  <testcase name="test17" classname="org.example.AppTest" time="11.596"/>
  <testcase name="test18" classname="org.example.AppTest" time="12.881"/>
  <testcase name="test19" classname="org.example.AppTest" time="11.704"/>
  <testcase name="test20" classname="org.example.AppTest" time="12.367"/>
  <testcase name="test21" classname="org.example.AppTest" time="11.943"/>
  <testcase name="test22" classname="org.example.AppTest" time="12.565"/>
  <testcase name="test23" classname="org.example.AppTest" time="11.75"/>
  <testcase name="test24" classname="org.example.AppTest" time="12.949"/>
  <testcase name="test25" classname="org.example.AppTest" time="13.496"/>
  <testcase name="test26" classname="org.example.AppTest" time="12.696"/>
  <testcase name="test27" classname="org.example.AppTest" time="13.187"/>
  <testcase name="test28" classname="org.example.AppTest" time="12.815"/>
  <testcase name="test29" classname="org.example.AppTest" time="12.235"/>
  <testcase name="test30" classname="org.example.AppTest" time="12.65"/>
  <testcase name="test31" classname="org.example.AppTest" time="12.129"/>
  <testcase name="test1" classname="org.example.AppTest" time="11.611"/>
  <testcase name="test2" classname="org.example.AppTest" time="11.585"/>
  <testcase name="test3" classname="org.example.AppTest" time="11.585"/>
  <testcase name="test4" classname="org.example.AppTest" time="11.568"/>
  <testcase name="test5" classname="org.example.AppTest" time="11.58"/>
  <testcase name="test6" classname="org.example.AppTest" time="11.568"/>
  <testcase name="test7" classname="org.example.AppTest" time="11.566"/>
  <testcase name="test8" classname="org.example.AppTest" time="11.581"/>
  <testcase name="test9" classname="org.example.AppTest" time="11.53"/>
</testsuite>